#
# There is insufficient memory for the Java Runtime Environment to continue.
# Native memory allocation (malloc) failed to allocate 32744 bytes for ChunkPool::allocate
# Possible reasons:
#   The system is out of physical RAM or swap space
#   In 32 bit mode, the process size limit was hit
# Possible solutions:
#   Reduce memory load on the system
#   Increase physical memory or swap space
#   Check if swap backing store is full
#   Use 64 bit Java on a 64 bit OS
#   Decrease Java heap size (-Xmx/-Xms)
#   Decrease number of Java threads
#   Decrease Java thread stack sizes (-Xss)
#   Set larger code cache with -XX:ReservedCodeCacheSize=
# This output file may be truncated or incomplete.
#
#  Out of Memory Error (allocation.cpp:273), pid=49160, tid=0x000000000000d774
#
# JRE version: Java(TM) SE Runtime Environment (8.0_181-b13) (build 1.8.0_181-b13)
# Java VM: Java HotSpot(TM) 64-Bit Server VM (25.181-b13 mixed mode windows-amd64 compressed oops)
# Failed to write core dump. Minidumps are not enabled by default on client versions of Windows
#

---------------  T H R E A D  ---------------

Current thread (0x000000001dfee800):  JavaThread "C2 CompilerThread2" daemon [_thread_in_native, id=55156, stack(0x000000001f800000,0x000000001f900000)]

Stack: [0x000000001f800000,0x000000001f900000]
[error occurred during error reporting (printing stack bounds), id 0xc0000005]

Native frames: (J=compiled Java code, j=interpreted, Vv=VM code, C=native code)


Current CompileTask:
C2:   1295  625       4       java.io.InputStreamReader::read (11 bytes)


---------------  P R O C E S S  ---------------

Java Threads: ( => current thread )
  0x000000001e08f800 JavaThread "Service Thread" daemon [_thread_blocked, id=48456, stack(0x000000001fa00000,0x000000001fb00000)]
  0x000000001dff0000 JavaThread "C1 CompilerThread3" daemon [_thread_blocked, id=46832, stack(0x000000001f900000,0x000000001fa00000)]
=>0x000000001dfee800 JavaThread "C2 CompilerThread2" daemon [_thread_in_native, id=55156, stack(0x000000001f800000,0x000000001f900000)]
  0x000000001dfed800 JavaThread "C2 CompilerThread1" daemon [_thread_in_native, id=54976, stack(0x000000001f700000,0x000000001f800000)]
  0x000000001dfe8000 JavaThread "C2 CompilerThread0" daemon [_thread_in_native, id=52828, stack(0x000000001f600000,0x000000001f700000)]
  0x000000001df6a800 JavaThread "Monitor Ctrl-Break" daemon [_thread_in_native, id=53448, stack(0x000000001f500000,0x000000001f600000)]
  0x000000001dfc2000 JavaThread "Attach Listener" daemon [_thread_blocked, id=43556, stack(0x000000001f400000,0x000000001f500000)]
  0x000000001dfc1000 JavaThread "Signal Dispatcher" daemon [_thread_blocked, id=34100, stack(0x000000001f300000,0x000000001f400000)]
  0x00000000030eb800 JavaThread "Finalizer" daemon [_thread_blocked, id=8852, stack(0x000000001f1a0000,0x000000001f2a0000)]
  0x000000001c85d000 JavaThread "Reference Handler" daemon [_thread_blocked, id=29120, stack(0x000000001f0a0000,0x000000001f1a0000)]
  0x0000000002ff2800 JavaThread "main" [_thread_in_Java, id=55192, stack(0x0000000002a10000,0x0000000002b10000)]

Other Threads:
  0x000000001df22800 VMThread [stack: 0x000000001efa0000,0x000000001f0a0000] [id=55276]
  0x000000001e0a0000 WatcherThread [stack: 0x000000001fb00000,0x000000001fc00000] [id=44336]

VM state:not at safepoint (normal execution)

VM Mutex/Monitor currently owned by a thread: None

Heap:
 PSYoungGen      total 73728K, used 31826K [0x000000076e100000, 0x0000000773300000, 0x00000007c0000000)
  eden space 63488K, 50% used [0x000000076e100000,0x00000007700149f8,0x0000000771f00000)
  from space 10240K, 0% used [0x0000000772900000,0x0000000772900000,0x0000000773300000)
  to   space 10240K, 0% used [0x0000000771f00000,0x0000000771f00000,0x0000000772900000)
 ParOldGen       total 167936K, used 0K [0x00000006ca200000, 0x00000006d4600000, 0x000000076e100000)
  object space 167936K, 0% used [0x00000006ca200000,0x00000006ca200000,0x00000006d4600000)
 Metaspace       used 8861K, capacity 9016K, committed 9088K, reserved 1056768K
  class space    used 1063K, capacity 1116K, committed 1152K, reserved 1048576K

Card table byte_map: [0x00000000124b0000,0x0000000012c60000] byte_map_base: 0x000000000ee5f000

Marking Bits: (ParMarkBitMap*) 0x000000006e1e2d00
 Begin Bits: [0x0000000013b80000, 0x00000000178f8000)
 End Bits:   [0x00000000178f8000, 0x000000001b670000)

Polling page: 0x0000000000b10000

CodeCache: size=245760Kb used=2887Kb max_used=2887Kb free=242872Kb
 bounds [0x00000000030f0000, 0x00000000033d0000, 0x00000000120f0000]
 total_blobs=958 nmethods=630 adapters=242
 compilation: enabled

Compilation events (10 events):
Event: 1.277 Thread 0x000000001dff0000 nmethod 605 0x00000000033b00d0 code [0x00000000033b0260, 0x00000000033b0708]
Event: 1.277 Thread 0x000000001dff0000  629       3       org.codehaus.plexus.util.xml.pull.MXParser::isS (30 bytes)
Event: 1.277 Thread 0x000000001dff0000 nmethod 629 0x00000000033b0910 code [0x00000000033b0a80, 0x00000000033b0cd0]
Event: 1.282 Thread 0x000000001dff0000  630       1       sun.nio.cs.UTF_8::historicalName (3 bytes)
Event: 1.282 Thread 0x000000001dff0000 nmethod 630 0x00000000033a83d0 code [0x00000000033a8520, 0x00000000033a8630]
Event: 1.285 Thread 0x000000001dff0000  631       3       org.codehaus.plexus.util.xml.pull.MXParser::isNameStartChar (63 bytes)
Event: 1.285 Thread 0x000000001dff0000 nmethod 631 0x00000000033b0d50 code [0x00000000033b0ec0, 0x00000000033b1250]
Event: 1.285 Thread 0x000000001dff0000  633       3       org.codehaus.plexus.util.xml.pull.MXParser::parseEndTag (444 bytes)
Event: 1.288 Thread 0x000000001dff0000 nmethod 633 0x00000000033b1350 code [0x00000000033b1900, 0x00000000033b4dc8]
Event: 1.288 Thread 0x000000001dff0000  632       3       org.codehaus.plexus.util.xml.pull.MXParser::parseStartTag (1195 bytes)

GC Heap History (0 events):
No events

Deoptimization events (2 events):
Event: 0.981 Thread 0x0000000002ff2800 Uncommon trap: reason=unstable_if action=reinterpret pc=0x00000000032f9428 method=org.codehaus.plexus.util.xml.pull.MXParser.more()C @ 8
Event: 1.253 Thread 0x0000000002ff2800 Uncommon trap: reason=unstable_if action=reinterpret pc=0x000000000338278c method=java.util.HashMap.getNode(ILjava/lang/Object;)Ljava/util/HashMap$Node; @ 129

Classes redefined (0 events):
No events

Internal exceptions (9 events):
Event: 0.039 Thread 0x0000000002ff2800 Exception <a 'java/lang/NoSuchMethodError': Method sun.misc.Unsafe.defineClass(Ljava/lang/String;[BII)Ljava/lang/Class; name or signature does not match> (0x000000076e107cb0) thrown at [C:\re\workspace\8-2-build-windows-amd64-cygwin\jdk8u181\11358\hotspot
Event: 0.039 Thread 0x0000000002ff2800 Exception <a 'java/lang/NoSuchMethodError': Method sun.misc.Unsafe.prefetchRead(Ljava/lang/Object;J)V name or signature does not match> (0x000000076e107f98) thrown at [C:\re\workspace\8-2-build-windows-amd64-cygwin\jdk8u181\11358\hotspot\src\share\vm\prim
Event: 0.287 Thread 0x0000000002ff2800 Exception <a 'java/security/PrivilegedActionException'> (0x000000076e72e1d8) thrown at [C:\re\workspace\8-2-build-windows-amd64-cygwin\jdk8u181\11358\hotspot\src\share\vm\prims\jvm.cpp, line 1435]
Event: 0.287 Thread 0x0000000002ff2800 Exception <a 'java/security/PrivilegedActionException'> (0x000000076e72e5d0) thrown at [C:\re\workspace\8-2-build-windows-amd64-cygwin\jdk8u181\11358\hotspot\src\share\vm\prims\jvm.cpp, line 1435]
Event: 0.289 Thread 0x0000000002ff2800 Exception <a 'java/security/PrivilegedActionException'> (0x000000076e7326c8) thrown at [C:\re\workspace\8-2-build-windows-amd64-cygwin\jdk8u181\11358\hotspot\src\share\vm\prims\jvm.cpp, line 1435]
Event: 0.289 Thread 0x0000000002ff2800 Exception <a 'java/security/PrivilegedActionException'> (0x000000076e732ac0) thrown at [C:\re\workspace\8-2-build-windows-amd64-cygwin\jdk8u181\11358\hotspot\src\share\vm\prims\jvm.cpp, line 1435]
Event: 1.237 Thread 0x0000000002ff2800 Exception <a 'java/lang/ArrayIndexOutOfBoundsException'> (0x000000076fae68d0) thrown at [C:\re\workspace\8-2-build-windows-amd64-cygwin\jdk8u181\11358\hotspot\src\share\vm\runtime\sharedRuntime.cpp, line 605]
Event: 1.241 Thread 0x0000000002ff2800 Exception <a 'java/lang/ArrayIndexOutOfBoundsException'> (0x000000076fb08698) thrown at [C:\re\workspace\8-2-build-windows-amd64-cygwin\jdk8u181\11358\hotspot\src\share\vm\runtime\sharedRuntime.cpp, line 605]
Event: 1.252 Thread 0x0000000002ff2800 Exception <a 'java/lang/ArrayIndexOutOfBoundsException'> (0x000000076fb72150) thrown at [C:\re\workspace\8-2-build-windows-amd64-cygwin\jdk8u181\11358\hotspot\src\share\vm\runtime\sharedRuntime.cpp, line 605]

Events (10 events):
Event: 1.290 loading class org/apache/maven/artifact/repository/metadata/RepositoryMetadataManager
Event: 1.290 loading class org/apache/maven/artifact/repository/metadata/RepositoryMetadataManager done
Event: 1.290 loading class org/apache/maven/artifact/repository/metadata/RepositoryMetadataManager
Event: 1.290 loading class org/apache/maven/artifact/repository/metadata/RepositoryMetadataManager done
Event: 1.291 loading class org/apache/maven/artifact/resolver/ArtifactCollector
Event: 1.291 loading class org/apache/maven/artifact/resolver/ArtifactCollector done
Event: 1.291 loading class org/apache/maven/artifact/resolver/ArtifactCollector
Event: 1.291 loading class org/apache/maven/artifact/resolver/ArtifactCollector done
Event: 1.291 loading class org/apache/maven/repository/legacy/resolver/LegacyArtifactCollector
Event: 1.291 loading class org/apache/maven/repository/legacy/resolver/LegacyArtifactCollector done


Dynamic libraries:
0x00007ff7db6c0000 - 0x00007ff7db6f7000 	C:\Program Files\Java\jdk1.8.0_181\bin\java.exe
0x00007ffce00d0000 - 0x00007ffce02c5000 	C:\WINDOWS\SYSTEM32\ntdll.dll
0x00007ffcde6e0000 - 0x00007ffcde79e000 	C:\WINDOWS\System32\KERNEL32.DLL
0x00007ffcdd7e0000 - 0x00007ffcddaa8000 	C:\WINDOWS\System32\KERNELBASE.dll
0x00007ffcdf940000 - 0x00007ffcdf9ec000 	C:\WINDOWS\System32\ADVAPI32.dll
0x00007ffcde360000 - 0x00007ffcde3fe000 	C:\WINDOWS\System32\msvcrt.dll
0x00007ffcde400000 - 0x00007ffcde49b000 	C:\WINDOWS\System32\sechost.dll
0x00007ffcdfd20000 - 0x00007ffcdfe4a000 	C:\WINDOWS\System32\RPCRT4.dll
0x00007ffcdfee0000 - 0x00007ffce0081000 	C:\WINDOWS\System32\USER32.dll
0x00007ffcddd00000 - 0x00007ffcddd22000 	C:\WINDOWS\System32\win32u.dll
0x00007ffcde120000 - 0x00007ffcde14b000 	C:\WINDOWS\System32\GDI32.dll
0x00007ffcddbf0000 - 0x00007ffcddcfd000 	C:\WINDOWS\System32\gdi32full.dll
0x00007ffcde070000 - 0x00007ffcde10d000 	C:\WINDOWS\System32\msvcp_win.dll
0x00007ffcddf70000 - 0x00007ffcde070000 	C:\WINDOWS\System32\ucrtbase.dll
0x00007ffcc84b0000 - 0x00007ffcc874a000 	C:\WINDOWS\WinSxS\amd64_microsoft.windows.common-controls_6595b64144ccf1df_6.0.19041.1110_none_60b5254171f9507e\COMCTL32.dll
0x00007ffcde4c0000 - 0x00007ffcde4f0000 	C:\WINDOWS\System32\IMM32.DLL
0x0000000071950000 - 0x000000007195c000 	D:\Program Files (x86)\360\360SAFE\safemon\SafeWrapper.dll
0x000000006ef00000 - 0x000000006efd2000 	C:\Program Files\Java\jdk1.8.0_181\jre\bin\msvcr100.dll
0x000000006d9c0000 - 0x000000006e262000 	C:\Program Files\Java\jdk1.8.0_181\jre\bin\server\jvm.dll
0x00007ffcdf170000 - 0x00007ffcdf178000 	C:\WINDOWS\System32\PSAPI.DLL
0x00007ffcdd2f0000 - 0x00007ffcdd2fa000 	C:\WINDOWS\SYSTEM32\VERSION.dll
0x00007ffcd46f0000 - 0x00007ffcd4717000 	C:\WINDOWS\SYSTEM32\WINMM.dll
0x00007ffcbb3d0000 - 0x00007ffcbb3d9000 	C:\WINDOWS\SYSTEM32\WSOCK32.dll
0x00007ffcdf180000 - 0x00007ffcdf1eb000 	C:\WINDOWS\System32\WS2_32.dll
0x000000006eef0000 - 0x000000006eeff000 	C:\Program Files\Java\jdk1.8.0_181\jre\bin\verify.dll
0x000000006eec0000 - 0x000000006eee9000 	C:\Program Files\Java\jdk1.8.0_181\jre\bin\java.dll
0x000000006ee90000 - 0x000000006eeb3000 	C:\Program Files\Java\jdk1.8.0_181\jre\bin\instrument.dll
0x000000006ee70000 - 0x000000006ee86000 	C:\Program Files\Java\jdk1.8.0_181\jre\bin\zip.dll
0x00007ffcdf1f0000 - 0x00007ffcdf934000 	C:\WINDOWS\System32\SHELL32.dll
0x00007ffcdb770000 - 0x00007ffcdbf04000 	C:\WINDOWS\SYSTEM32\windows.storage.dll
0x00007ffcded60000 - 0x00007ffcdf0b5000 	C:\WINDOWS\System32\combase.dll
0x00007ffcdd0f0000 - 0x00007ffcdd11e000 	C:\WINDOWS\SYSTEM32\Wldp.dll
0x00007ffcdf0c0000 - 0x00007ffcdf16d000 	C:\WINDOWS\System32\SHCORE.dll
0x00007ffcdfcc0000 - 0x00007ffcdfd15000 	C:\WINDOWS\System32\shlwapi.dll
0x00007ffcdd720000 - 0x00007ffcdd73f000 	C:\WINDOWS\SYSTEM32\profapi.dll
0x00007ffcc2c80000 - 0x00007ffcc2c9a000 	D:\IDEA\IntelliJ IDEA 2020.1\bin\breakgen64.dll
0x000000006ee50000 - 0x000000006ee6a000 	C:\Program Files\Java\jdk1.8.0_181\jre\bin\net.dll
0x00007ffcdce50000 - 0x00007ffcdceba000 	C:\WINDOWS\system32\mswsock.dll
0x00007ffcdd040000 - 0x00007ffcdd058000 	C:\WINDOWS\SYSTEM32\CRYPTSP.dll
0x00007ffcdc7d0000 - 0x00007ffcdc804000 	C:\WINDOWS\system32\rsaenh.dll
0x00007ffcddd90000 - 0x00007ffcdddb7000 	C:\WINDOWS\System32\bcrypt.dll
0x00007ffcdd6a0000 - 0x00007ffcdd6ce000 	C:\WINDOWS\SYSTEM32\USERENV.dll
0x00007ffcddb60000 - 0x00007ffcddbe2000 	C:\WINDOWS\System32\bcryptprimitives.dll
0x00007ffcdd060000 - 0x00007ffcdd06c000 	C:\WINDOWS\SYSTEM32\CRYPTBASE.dll
0x00007ffcdcb40000 - 0x00007ffcdcb7b000 	C:\WINDOWS\SYSTEM32\IPHLPAPI.DLL
0x00007ffcde110000 - 0x00007ffcde118000 	C:\WINDOWS\System32\NSI.dll
0x00007ffcd4760000 - 0x00007ffcd4777000 	C:\WINDOWS\SYSTEM32\dhcpcsvc6.DLL
0x00007ffcd4740000 - 0x00007ffcd475d000 	C:\WINDOWS\SYSTEM32\dhcpcsvc.DLL
0x00007ffcdcb80000 - 0x00007ffcdcc4b000 	C:\WINDOWS\SYSTEM32\DNSAPI.dll
0x000000006ee30000 - 0x000000006ee41000 	C:\Program Files\Java\jdk1.8.0_181\jre\bin\nio.dll
0x00007ffcd8b90000 - 0x00007ffcd8b9a000 	C:\Users\91690\AppData\Local\Temp\jansi-1.17.1-2821194752798791140.dll
0x00007ffcc8090000 - 0x00007ffcc809a000 	C:\Users\91690\AppData\Local\Temp\jansi-1.17.1-3713507716246364423.dll

VM Arguments:
jvm_args: -Dmaven.multiModuleProjectDirectory=C:\Users\91690\workspace\muke\AutoTest -Dmaven.home=D:\apache-maven-3.5.4 -Dclassworlds.conf=D:\apache-maven-3.5.4\bin\m2.conf -Dmaven.ext.class.path=D:\IDEA\IntelliJ IDEA 2020.1\plugins\maven\lib\maven-event-listener.jar -javaagent:D:\IDEA\IntelliJ IDEA 2020.1\lib\idea_rt.jar=62883:D:\IDEA\IntelliJ IDEA 2020.1\bin -Dfile.encoding=UTF-8 
java_command: org.codehaus.classworlds.Launcher -Didea.version2020.1 -s D:\apache-maven-3.5.4\conf\settings.xml clean
java_class_path (initial): D:\apache-maven-3.5.4\boot\plexus-classworlds-2.5.2.jar;D:\IDEA\IntelliJ IDEA 2020.1\lib\idea_rt.jar
Launcher Type: SUN_STANDARD

Environment Variables:
JAVA_HOME=C:\Program Files\Java\jdk1.8.0_181
PATH=C:\Program Files (x86)\NetSarang\Xftp 6\;C:\Program Files (x86)\Common Files\Oracle\Java\javapath;C:\WINDOWS\system32;C:\WINDOWS;C:\WINDOWS\System32\Wbem;C:\WINDOWS\System32\WindowsPowerShell\v1.0\;C:\WINDOWS\System32\OpenSSH\;D:\apache-ant-1.9.14-bin\apache-ant-1.9.14\bin;C:\Program Files\Java\jdk1.8.0_181\bin;D:\ideaMaven\apache-maven-3.6.3\bin;C:\Program Files\nodejs\;C:\Program Files\PuTTY\;C:\Program Files\Java\jre1.8.0_181\lib\tools.jar;D:\apache-tomcat-9.0.39-windows-x64\apache-tomcat-9.0.39\bin;D:\apache-ant-1.9.14-bin\apache-ant-1.9.14\bin;D:\apache-ant-1.9.14-bin\apache-ant-1.9.14\lib;D:\tools\platform-tools;D:\apache-maven-3.8.1\bin;C:\Program Files\Git\cmd;C:\Users\91690\AppData\Local\Microsoft\WindowsApps;C:\Program Files\Bandizip\;C:\Users\91690\AppData\Roaming\npm;C:\Users\91690\AppData\Local\Microsoft\WindowsApps;;D:\tools\Microsoft VS Code\bin
USERNAME=zhaojian
OS=Windows_NT
PROCESSOR_IDENTIFIER=AMD64 Family 23 Model 96 Stepping 1, AuthenticAMD



---------------  S Y S T E M  ---------------

OS: Windows 10.0 , 64 bit Build 19041 (10.0.19041.1348)

CPU:total 12 (initial active 12) (12 cores per cpu, 1 threads per core) family 23 model 96 stepping 1, cmov, cx8, fxsr, mmx, sse, sse2, sse3, ssse3, sse4.1, sse4.2, popcnt, avx, avx2, aes, clmul, mmxext, 3dnowpref, lzcnt, sse4a, tsc, tscinvbit, tscinv, bmi1

Memory: 4k page, physical 16112436k(4407464k free), swap 19258164k(4292k free)

vm_info: Java HotSpot(TM) 64-Bit Server VM (25.181-b13) for windows-amd64 JRE (1.8.0_181-b13), built on Jul  7 2018 04:01:33 by "java_re" with MS VC++ 10.0 (VS2010)

time: Thu Jan 13 20:41:04 2022
elapsed time: 1 seconds (0d 0h 0m 1s)

